Build started 1/28/2013 3:53:09 PM.
     1>Project "C:\Users\Bobby\Documents\Projects\Delaware\Source\template.vcxproj" on node 2 (build target(s)).
     1>InitializeBuildStatus:
         Creating "C:\Users\Bobby\Documents\Projects\Delaware\Source\..\Temp\DelawareWin32Debug_2010\Delaware.unsuccessfulbuild" because "AlwaysCreate" was specified.
       ClCompile:
         C:\Program Files (x86)\Microsoft Visual Studio 10.0\VC\bin\CL.exe /c /IC:\Users\Bobby\Documents\Projects\Delaware\Source\..\Engine\common\include\ /I"C:\Program Files (x86)\Intel\IntelAppUpSDK\\Cpp\include" /I/c/include /ZI /nologo /W3 /WX- /Od /Oy- /D AGKWINDOWS /D IDE_VS2008 /D WIN32 /D _DEBUG /D _WINDOWS /D IDE_VS2008 /D _CRT_SECURE_NO_WARNINGS /Gm- /EHsc /MTd /GS /Gy /fp:precise /Zc:wchar_t /Zc:forScope /Fo"C:\Users\Bobby\Documents\Projects\Delaware\Source\..\Temp\DelawareWin32Debug_2010\\" /Fd"C:\Users\Bobby\Documents\Projects\Delaware\Source\..\Temp\DelawareWin32Debug_2010\vc100.pdb" /Gd /TP /wd4996 /analyze- /errorReport:prompt template.cpp
         template.cpp
     1>c:\users\bobby\documents\projects\delaware\source\template.cpp(4915): warning C4244: 'argument' : conversion from 'double' to 'float', possible loss of data
     1>c:\users\bobby\documents\projects\delaware\source\template.cpp(5398): warning C4244: '=' : conversion from 'float' to 'int', possible loss of data
       ResourceCompile:
         All outputs are up-to-date.
       ManifestResourceCompile:
         All outputs are up-to-date.
       Link:
         C:\Program Files (x86)\Microsoft Visual Studio 10.0\VC\bin\link.exe /ERRORREPORT:PROMPT /OUT:"C:\Users\Bobby\Documents\Projects\Delaware\Source\..\Game\Win32Debug_2010\/DelawareWin32Debug.exe" /INCREMENTAL /NOLOGO /LIBPATH:"C:\Program Files (x86)\Intel\IntelAppUpSDK\\Cpp\Lib" /LIBPATH:/c/lib /LIBPATH:..\Engine\platform\windows\Lib\VS2010\Debug /LIBPATH:"C:\Program Files (x86)\Microsoft SDKs\Windows\v7.0A\Lib" /LIBPATH:"C:\Program Files (x86)\Microsoft Visual Studio 10.0\VC\lib" /LIBPATH:"C:\Program Files (x86)\Microsoft Visual Studio 10.0\VC\atlmfc\lib" winmm.lib AGKWindows.lib Wininet.lib OpenGL32.lib Glu32.lib kernel32.lib user32.lib gdi32.lib winspool.lib comdlg32.lib advapi32.lib shell32.lib ole32.lib oleaut32.lib uuid.lib odbc32.lib odbccp32.lib /MANIFEST /ManifestFile:"C:\Users\Bobby\Documents\Projects\Delaware\Source\..\Temp\DelawareWin32Debug_2010\DelawareWin32Debug.exe.intermediate.manifest" /MANIFESTUAC:"level='asInvoker' uiAccess='false'" /DEBUG /PDB:"C:\Users\Bobby\Documents\Projects\Delaware\Game\Win32Debug_2010\DelawareWin32Debug.pdb" /MAP:"C:\Users\Bobby\Documents\Projects\Delaware\Game\Win32Debug_2010\DelawareWin32Debug.map" /SUBSYSTEM:WINDOWS /TLBID:1 /DYNAMICBASE /NXCOMPAT /IMPLIB:"C:\Users\Bobby\Documents\Projects\Delaware\Source\..\Game\Win32Debug_2010\DelawareWin32Debug.lib" /MACHINE:X86 C:\Users\Bobby\Documents\Projects\Delaware\Source\..\Temp\DelawareWin32Debug_2010\template.res
         C:\Users\Bobby\Documents\Projects\Delaware\Source\..\Temp\DelawareWin32Debug_2010\DelawareWin32Debug.exe.embed.manifest.res
         C:\Users\Bobby\Documents\Projects\Delaware\Source\..\Temp\DelawareWin32Debug_2010\AnimatedSprite.obj
         C:\Users\Bobby\Documents\Projects\Delaware\Source\..\Temp\DelawareWin32Debug_2010\BidControl.obj
         C:\Users\Bobby\Documents\Projects\Delaware\Source\..\Temp\DelawareWin32Debug_2010\BidGame.obj
         C:\Users\Bobby\Documents\Projects\Delaware\Source\..\Temp\DelawareWin32Debug_2010\Bubbles.obj
         C:\Users\Bobby\Documents\Projects\Delaware\Source\..\Temp\DelawareWin32Debug_2010\Buttons.obj
         C:\Users\Bobby\Documents\Projects\Delaware\Source\..\Temp\DelawareWin32Debug_2010\Card.obj
         C:\Users\Bobby\Documents\Projects\Delaware\Source\..\Temp\DelawareWin32Debug_2010\Checkbox.obj
         C:\Users\Bobby\Documents\Projects\Delaware\Source\..\Temp\DelawareWin32Debug_2010\Core.obj
         C:\Users\Bobby\Documents\Projects\Delaware\Source\..\Temp\DelawareWin32Debug_2010\Deck.obj
         C:\Users\Bobby\Documents\Projects\Delaware\Source\..\Temp\DelawareWin32Debug_2010\GameScore.obj
         C:\Users\Bobby\Documents\Projects\Delaware\Source\..\Temp\DelawareWin32Debug_2010\HandScore.obj
         C:\Users\Bobby\Documents\Projects\Delaware\Source\..\Temp\DelawareWin32Debug_2010\MyMenu.obj
         C:\Users\Bobby\Documents\Projects\Delaware\Source\..\Temp\DelawareWin32Debug_2010\Numbers.obj
         C:\Users\Bobby\Documents\Projects\Delaware\Source\..\Temp\DelawareWin32Debug_2010\MyOptions.obj
         C:\Users\Bobby\Documents\Projects\Delaware\Source\..\Temp\DelawareWin32Debug_2010\ParentImage.obj
         C:\Users\Bobby\Documents\Projects\Delaware\Source\..\Temp\DelawareWin32Debug_2010\PinochleGame.obj
         C:\Users\Bobby\Documents\Projects\Delaware\Source\..\Temp\DelawareWin32Debug_2010\Player.obj
         C:\Users\Bobby\Documents\Projects\Delaware\Source\..\Temp\DelawareWin32Debug_2010\Sound.obj
         C:\Users\Bobby\Documents\Projects\Delaware\Source\..\Temp\DelawareWin32Debug_2010\Sprite.obj
         C:\Users\Bobby\Documents\Projects\Delaware\Source\..\Temp\DelawareWin32Debug_2010\template.obj
         C:\Users\Bobby\Documents\Projects\Delaware\Source\..\Temp\DelawareWin32Debug_2010\Text.obj
         C:\Users\Bobby\Documents\Projects\Delaware\Source\..\Temp\DelawareWin32Debug_2010\Theme.obj
         C:\Users\Bobby\Documents\Projects\Delaware\Source\..\Temp\DelawareWin32Debug_2010\TrickGame.obj
         C:\Users\Bobby\Documents\Projects\Delaware\Source\..\Temp\DelawareWin32Debug_2010\TrumpSelect.obj
       Manifest:
         C:\Program Files (x86)\Microsoft SDKs\Windows\v7.0A\bin\mt.exe /nologo /verbose /out:"C:\Users\Bobby\Documents\Projects\Delaware\Source\..\Temp\DelawareWin32Debug_2010\DelawareWin32Debug.exe.embed.manifest" /manifest C:\Users\Bobby\Documents\Projects\Delaware\Source\..\Temp\DelawareWin32Debug_2010\DelawareWin32Debug.exe.intermediate.manifest
         All outputs are up-to-date.
       LinkEmbedManifest:
         All outputs are up-to-date.
         template.vcxproj -> C:\Users\Bobby\Documents\Projects\Delaware\Source\..\Game\Win32Debug_2010\DelawareWin32Debug.exe
       FinalizeBuildStatus:
         Deleting file "C:\Users\Bobby\Documents\Projects\Delaware\Source\..\Temp\DelawareWin32Debug_2010\Delaware.unsuccessfulbuild".
         Touching "C:\Users\Bobby\Documents\Projects\Delaware\Source\..\Temp\DelawareWin32Debug_2010\Delaware.lastbuildstate".
     1>Done Building Project "C:\Users\Bobby\Documents\Projects\Delaware\Source\template.vcxproj" (build target(s)).

Build succeeded.

Time Elapsed 00:00:01.89
